<?xml version="1.0" encoding="UTF-8"?>
<!-- Generated by org.testng.reporters.JUnitReportReporter -->
<testsuite hostname="DESKTOP-I8OM9FR" name="testCases.TC_LoginTest_001" tests="1" failures="0" timestamp="7 May 2021 08:02:11 GMT" time="10.056" errors="0">
  <testcase name="login" time="10.056" classname="testCases.TC_LoginTest_001"/>
</testsuite> <!-- testCases.TC_LoginTest_001 -->
