<?xml version="1.0" encoding="UTF-8"?>
<!-- Generated by org.testng.reporters.JUnitReportReporter -->
<testsuite hostname="DESKTOP-I8OM9FR" name="testCases.TC_AddCustomerTest_003" tests="1" failures="0" timestamp="7 May 2021 08:02:11 GMT" time="14.900" errors="0">
  <testcase name="AddCustomer" time="14.900" classname="testCases.TC_AddCustomerTest_003"/>
</testsuite> <!-- testCases.TC_AddCustomerTest_003 -->
