<?xml version="1.0" encoding="UTF-8"?>
<!-- Generated by org.testng.reporters.JUnitReportReporter -->
<testsuite hostname="DESKTOP-I8OM9FR" name="testCases.test2" tests="1" failures="0" timestamp="6 May 2021 14:19:09 GMT" time="1.138" errors="0">
  <testcase name="Neeraj" time="1.138" classname="testCases.test2"/>
</testsuite> <!-- testCases.test2 -->
