<?xml version="1.0" encoding="UTF-8"?>
<!-- Generated by org.testng.reporters.JUnitReportReporter -->
<testsuite hostname="DESKTOP-I8OM9FR" failures="0" tests="1" name="testCases.TC_LoginTest_001" time="10.618" errors="0" timestamp="2021-05-08T01:26:03 IST" skipped="0">
  <testcase classname="testCases.TC_LoginTest_001" name="login" time="10.618"/>
  <system-out/>
</testsuite> <!-- testCases.TC_LoginTest_001 -->
