<?xml version="1.0" encoding="UTF-8"?>
<!-- Generated by org.testng.reporters.JUnitReportReporter -->
<testsuite hostname="DESKTOP-I8OM9FR" failures="0" tests="1" name="testCases.TC_AddCustomerTest_003" time="19.479" errors="0" timestamp="2021-05-08T01:26:03 IST" skipped="0">
  <testcase classname="testCases.TC_AddCustomerTest_003" name="AddCustomer" time="19.479"/>
  <system-out/>
</testsuite> <!-- testCases.TC_AddCustomerTest_003 -->
